[2022-10-27 13:34:04,587: INFO: stage_01_prepare]: 
********************
[2022-10-27 13:34:04,587: INFO: stage_01_prepare]: >>>>> stage One started <<<<<
[2022-10-27 13:34:04,589: INFO: common]: yaml file: configs/config.yaml loaded successfully
[2022-10-27 13:34:04,590: INFO: common]: yaml file: params.yaml loaded successfully
[2022-10-27 13:34:04,590: INFO: stage_01_prepare]: >>>>> stage One completed!<<<<<

[2022-10-27 13:52:06,216: INFO: stage_01_prepare]: 
********************
[2022-10-27 13:52:06,216: INFO: stage_01_prepare]: >>>>> stage One started <<<<<
[2022-10-27 13:52:06,216: INFO: common]: yaml file: configs/config.yaml loaded successfully
[2022-10-27 13:52:06,218: INFO: common]: yaml file: params.yaml loaded successfully
[2022-10-27 13:52:06,220: INFO: common]: created directory at: artifacts\prepared
[2022-10-27 13:52:06,220: INFO: stage_01_prepare]: >>>>> stage One completed!<<<<<

[2022-10-27 13:57:30,867: INFO: stage_01_prepare]: 
********************
[2022-10-27 13:57:30,867: INFO: stage_01_prepare]: >>>>> stage One started <<<<<
[2022-10-27 13:57:30,868: INFO: common]: yaml file: configs/config.yaml loaded successfully
[2022-10-27 13:57:30,869: INFO: common]: yaml file: params.yaml loaded successfully
[2022-10-27 13:57:30,869: INFO: common]: created directory at: artifacts\prepared
[2022-10-27 13:57:30,869: INFO: stage_01_prepare]: >>>>> stage One completed!<<<<<

[2022-10-27 13:58:30,392: INFO: stage_01_prepare]: 
********************
[2022-10-27 13:58:30,392: INFO: stage_01_prepare]: >>>>> stage One started <<<<<
[2022-10-27 13:58:30,392: INFO: common]: yaml file: configs/config.yaml loaded successfully
[2022-10-27 13:58:30,392: INFO: common]: yaml file: params.yaml loaded successfully
[2022-10-27 13:58:30,392: INFO: common]: created directory at: artifacts\prepared
[2022-10-27 13:58:30,392: INFO: stage_01_prepare]: >>>>> stage One completed!<<<<<

